<?xml version="1.0" encoding="UTF-8"?>
<robot generator="Robot 7.2.2 (Python 3.9.6 on darwin)" generated="2025-04-07T19:25:46.105515" rpa="false" schemaversion="5">
<suite id="s1" name="SauceDemoTraining" source="/Users/franchescadaniellegaoat/workspace/PycharmProjects/SauceDemoTraining">
<suite id="s1-s1" name="Login" source="/Users/franchescadaniellegaoat/workspace/PycharmProjects/SauceDemoTraining/Login.robot">
<test id="s1-s1-t1" name="Open Sauce Demo Site" line="9">
<kw name="Open Browser To Login Page">
<kw name="Open Browser" owner="SeleniumLibrary">
<msg time="2025-04-07T19:25:46.265600" level="INFO">Opening browser 'chrome' to base url 'https://www.saucedemo.com/'.</msg>
<arg>${LOGIN URL}</arg>
<arg>${BROWSER}</arg>
<doc>Opens a new browser instance to the optional ``url``.</doc>
<status status="PASS" start="2025-04-07T19:25:46.265224" elapsed="3.127046"/>
</kw>
<kw name="Page Should Contain" owner="SeleniumLibrary">
<msg time="2025-04-07T19:25:49.418516" level="INFO">Current page contains text 'Swag Labs'.</msg>
<arg>Swag Labs</arg>
<doc>Verifies that current page contains ``text``.</doc>
<status status="PASS" start="2025-04-07T19:25:49.393337" elapsed="0.025319"/>
</kw>
<status status="PASS" start="2025-04-07T19:25:46.264421" elapsed="3.154431"/>
</kw>
<kw name="Input Username">
<kw name="Input Text" owner="SeleniumLibrary">
<msg time="2025-04-07T19:25:49.420583" level="INFO">Typing text 'standard_user' into text field 'id=user-name'.</msg>
<arg>id=user-name</arg>
<arg>${username}</arg>
<doc>Types the given ``text`` into the text field identified by ``locator``.</doc>
<status status="PASS" start="2025-04-07T19:25:49.420115" elapsed="0.145078"/>
</kw>
<arg>standard_user</arg>
<status status="PASS" start="2025-04-07T19:25:49.419570" elapsed="0.145755"/>
</kw>
<kw name="Input Password">
<kw name="Input Text" owner="SeleniumLibrary">
<msg time="2025-04-07T19:25:49.566480" level="INFO">Typing text 'secret_sauce' into text field 'id=password'.</msg>
<arg>id=password</arg>
<arg>${password}</arg>
<doc>Types the given ``text`` into the text field identified by ``locator``.</doc>
<status status="PASS" start="2025-04-07T19:25:49.566240" elapsed="0.069066"/>
</kw>
<kw name="Capture Page Screenshot" owner="SeleniumLibrary">
<msg time="2025-04-07T19:25:49.815198" level="INFO" html="true">&lt;/td&gt;&lt;/tr&gt;&lt;tr&gt;&lt;td colspan="3"&gt;&lt;a href="selenium-screenshot-4.png"&gt;&lt;img src="selenium-screenshot-4.png" width="800px"&gt;&lt;/a&gt;</msg>
<doc>Takes a screenshot of the current page and embeds it into a log file.</doc>
<status status="PASS" start="2025-04-07T19:25:49.635522" elapsed="0.179795"/>
</kw>
<arg>secret_sauce</arg>
<status status="PASS" start="2025-04-07T19:25:49.565845" elapsed="0.249627"/>
</kw>
<kw name="Submit Credentials">
<kw name="Click Button" owner="SeleniumLibrary">
<msg time="2025-04-07T19:25:49.816239" level="INFO">Clicking button 'id=login-button'.</msg>
<arg>id=login-button</arg>
<doc>Clicks the button identified by ``locator``.</doc>
<status status="PASS" start="2025-04-07T19:25:49.816008" elapsed="0.093127"/>
</kw>
<status status="PASS" start="2025-04-07T19:25:49.815725" elapsed="0.093930"/>
</kw>
<kw name="Close Browser" owner="SeleniumLibrary">
<doc>Closes the current browser.</doc>
<status status="PASS" start="2025-04-07T19:25:49.909936" elapsed="0.095360"/>
</kw>
<status status="PASS" start="2025-04-07T19:25:46.263583" elapsed="3.741987"/>
</test>
<status status="PASS" start="2025-04-07T19:25:46.123976" elapsed="3.882188"/>
</suite>
<status status="PASS" start="2025-04-07T19:25:46.106559" elapsed="3.900173"/>
</suite>
<statistics>
<total>
<stat pass="1" fail="0" skip="0">All Tests</stat>
</total>
<tag>
</tag>
<suite>
<stat name="SauceDemoTraining" id="s1" pass="1" fail="0" skip="0">SauceDemoTraining</stat>
<stat name="Login" id="s1-s1" pass="1" fail="0" skip="0">SauceDemoTraining.Login</stat>
</suite>
</statistics>
<errors>
</errors>
</robot>
